<?xml version="1.0" encoding="UTF-8"?>
<!-- Generated by org.testng.reporters.JUnitReportReporter -->
<testsuite skipped="1" hostname="NORIHUELA10" name="pruebas.Test_Laboratorio4_E1" tests="1" failures="0" timestamp="2020-09-28T21:44:47 ART" time="0.000" errors="0">
  <testcase name="ingresoCuentaInvalida" time="0.000" classname="pruebas.Test_Laboratorio4_E1">
    <skipped/>
  </testcase> <!-- ingresoCuentaInvalida -->
  <system-out/>
</testsuite> <!-- pruebas.Test_Laboratorio4_E1 -->
