<?xml version="1.0" encoding="UTF-8"?>
<!-- Generated by org.testng.reporters.JUnitReportReporter -->
<testsuite skipped="0" hostname="NORIHUELA10" name="pruebas.Test_Laboratorio4_E1" tests="1" failures="0" timestamp="2020-09-28T20:08:46 ART" time="5.411" errors="0">
  <testcase name="ingresoCuentaInvalida" time="5.411" classname="pruebas.Test_Laboratorio4_E1"/>
  <system-out/>
</testsuite> <!-- pruebas.Test_Laboratorio4_E1 -->
