<?xml version="1.0" encoding="UTF-8"?>
<!-- Generated by org.testng.reporters.JUnitReportReporter -->
<testsuite skipped="0" hostname="NORIHUELA10" name="pruebas.Test_Laboratorio4_E2" tests="3" failures="0" timestamp="2020-09-28T21:26:11 ART" time="8.764" errors="0">
  <testcase name="crearCuentaInvalida" time="2.568" classname="pruebas.Test_Laboratorio4_E2"/>
  <system-out/>
  <testcase name="crearCuentaInvalida" time="2.440" classname="pruebas.Test_Laboratorio4_E2"/>
  <system-out/>
  <testcase name="crearCuentaInvalida" time="3.756" classname="pruebas.Test_Laboratorio4_E2"/>
  <system-out/>
</testsuite> <!-- pruebas.Test_Laboratorio4_E2 -->
