<?xml version="1.0" encoding="UTF-8"?>
<!-- Generated by org.testng.reporters.JUnitReportReporter -->
<testsuite skipped="0" hostname="NORIHUELA10" name="pruebas.Test_Laboratorio4_E2" tests="3" failures="0" timestamp="2020-09-28T20:20:00 ART" time="6.453" errors="0">
  <testcase name="crearCuentaInvalida" time="2.014" classname="pruebas.Test_Laboratorio4_E2"/>
  <system-out/>
  <testcase name="crearCuentaInvalida" time="1.982" classname="pruebas.Test_Laboratorio4_E2"/>
  <system-out/>
  <testcase name="crearCuentaInvalida" time="2.457" classname="pruebas.Test_Laboratorio4_E2"/>
  <system-out/>
</testsuite> <!-- pruebas.Test_Laboratorio4_E2 -->
