<?xml version="1.0" encoding="UTF-8"?>
<!-- Generated by org.testng.reporters.JUnitReportReporter -->
<testsuite skipped="0" hostname="NORIHUELA10" name="pruebas.Laboratorio3_E2" tests="2" failures="0" timestamp="2020-09-21T20:05:00 ART" time="3.724" errors="0">
  <testcase name="irRegistroLogin" time="2.748" classname="pruebas.Laboratorio3_E2"/>
  <system-out/>
  <testcase name="crearCuentaInvalida" time="0.976" classname="pruebas.Laboratorio3_E2"/>
  <system-out/>
</testsuite> <!-- pruebas.Laboratorio3_E2 -->
